Compilación iniciada a las 30/11/2015 05:19:21 a. m..
     1>Proyecto "C:\Users\Daniel\Documents\Visual Studio 2012\Projects\Hotel-master\Hotel\Hotel.vcxproj" en el nodo 2 (Build destinos).
     1>ClCompile:
         C:\Program Files (x86)\Microsoft Visual Studio 11.0\VC\bin\CL.exe /c /Iinclude /ZI /nologo /W3 /WX- /Od /Oy- /D _CRT_SECURE_NO_WARNiNGS /D WIN32 /D _DEBUG /D _CONSOLE /D _UNICODE /D UNICODE /Gm /EHsc /RTC1 /MDd /GS /fp:precise /Zc:wchar_t /Zc:forScope /Fo"Debug\\" /Fd"Debug\vc110.pdb" /Gd /TP /analyze- /errorReport:prompt proy_val.cpp
         proy_val.cpp
     1>c:\users\daniel\documents\visual studio 2012\projects\hotel-master\hotel\proy_val.cpp(1859): warning C4996: 'sprintf': This function or variable may be unsafe. Consider using sprintf_s instead. To disable deprecation, use _CRT_SECURE_NO_WARNINGS. See online help for details.
                 c:\program files (x86)\microsoft visual studio 11.0\vc\include\stdio.h(357) : vea la declaración de 'sprintf'
       Link:
         C:\Program Files (x86)\Microsoft Visual Studio 11.0\VC\bin\link.exe /ERRORREPORT:PROMPT /OUT:"C:\Users\Daniel\Documents\Visual Studio 2012\Projects\Hotel-master\Debug\Hotel.exe" /INCREMENTAL /NOLOGO /LIBPATH:lib glut32.lib cmodel/CModel.lib /NODEFAULTLIB:LIBCD.lib /MANIFEST /MANIFESTUAC:"level='asInvoker' uiAccess='false'" /manifest:embed /DEBUG /PDB:"C:\Users\Daniel\Documents\Visual Studio 2012\Projects\Hotel-master\Debug\Hotel.pdb" /SUBSYSTEM:CONSOLE /TLBID:1 /DYNAMICBASE /NXCOMPAT /IMPLIB:"C:\Users\Daniel\Documents\Visual Studio 2012\Projects\Hotel-master\Debug\Hotel.lib" /MACHINE:X86 Debug\Camera.obj
         Debug\figuras.obj
         Debug\proy_val.obj
         Debug\texture.obj
     1>CModel.lib(_3dsloader.obj) : warning LNK4099: no se encontr¾ PDB 'vc70.pdb' con 'CModel.lib(_3dsloader.obj)' o en 'C:\Users\Daniel\Documents\Visual Studio 2012\Projects\Hotel-master\Debug\vc70.pdb'; se vincularß el objeto sin tener en cuenta informaci¾n de depuraci¾n
     1>CModel.lib(CModel.obj) : warning LNK4099: no se encontr¾ PDB 'vc70.pdb' con 'CModel.lib(CModel.obj)' o en 'C:\Users\Daniel\Documents\Visual Studio 2012\Projects\Hotel-master\Debug\vc70.pdb'; se vincularß el objeto sin tener en cuenta informaci¾n de depuraci¾n
     1>CModel.lib(CObject.obj) : warning LNK4099: no se encontr¾ PDB 'vc70.pdb' con 'CModel.lib(CObject.obj)' o en 'C:\Users\Daniel\Documents\Visual Studio 2012\Projects\Hotel-master\Debug\vc70.pdb'; se vincularß el objeto sin tener en cuenta informaci¾n de depuraci¾n
     1>CModel.lib(GFILoader.obj) : warning LNK4099: no se encontr¾ PDB 'vc70.pdb' con 'CModel.lib(GFILoader.obj)' o en 'C:\Users\Daniel\Documents\Visual Studio 2012\Projects\Hotel-master\Debug\vc70.pdb'; se vincularß el objeto sin tener en cuenta informaci¾n de depuraci¾n
     1>CModel.lib(GLRender.obj) : warning LNK4099: no se encontr¾ PDB 'vc70.pdb' con 'CModel.lib(GLRender.obj)' o en 'C:\Users\Daniel\Documents\Visual Studio 2012\Projects\Hotel-master\Debug\vc70.pdb'; se vincularß el objeto sin tener en cuenta informaci¾n de depuraci¾n
     1>CModel.lib(HandleStream.obj) : warning LNK4099: no se encontr¾ PDB 'vc70.pdb' con 'CModel.lib(HandleStream.obj)' o en 'C:\Users\Daniel\Documents\Visual Studio 2012\Projects\Hotel-master\Debug\vc70.pdb'; se vincularß el objeto sin tener en cuenta informaci¾n de depuraci¾n
     1>CModel.lib(imageload.obj) : warning LNK4099: no se encontr¾ PDB 'vc70.pdb' con 'CModel.lib(imageload.obj)' o en 'C:\Users\Daniel\Documents\Visual Studio 2012\Projects\Hotel-master\Debug\vc70.pdb'; se vincularß el objeto sin tener en cuenta informaci¾n de depuraci¾n
     1>CModel.lib(MATRIX4X4.obj) : warning LNK4099: no se encontr¾ PDB 'vc70.pdb' con 'CModel.lib(MATRIX4X4.obj)' o en 'C:\Users\Daniel\Documents\Visual Studio 2012\Projects\Hotel-master\Debug\vc70.pdb'; se vincularß el objeto sin tener en cuenta informaci¾n de depuraci¾n
     1>CModel.lib(VECTOR3D.obj) : warning LNK4099: no se encontr¾ PDB 'vc70.pdb' con 'CModel.lib(VECTOR3D.obj)' o en 'C:\Users\Daniel\Documents\Visual Studio 2012\Projects\Hotel-master\Debug\vc70.pdb'; se vincularß el objeto sin tener en cuenta informaci¾n de depuraci¾n
     1>CModel.lib(VECTOR4D.obj) : warning LNK4099: no se encontr¾ PDB 'vc70.pdb' con 'CModel.lib(VECTOR4D.obj)' o en 'C:\Users\Daniel\Documents\Visual Studio 2012\Projects\Hotel-master\Debug\vc70.pdb'; se vincularß el objeto sin tener en cuenta informaci¾n de depuraci¾n
         Hotel.vcxproj -> C:\Users\Daniel\Documents\Visual Studio 2012\Projects\Hotel-master\Debug\Hotel.exe
     1>Compilación del proyecto terminada "C:\Users\Daniel\Documents\Visual Studio 2012\Projects\Hotel-master\Hotel\Hotel.vcxproj" (Build destinos).

Compilación correcta.

Tiempo transcurrido 00:00:05.43
